<?xml version="1.0" encoding="UTF-8"?>
<testng-results skipped="0" failed="0" ignored="0" total="1" passed="1">
  <reporter-output>
  </reporter-output>
  <suite name="Default suite" duration-ms="315" started-at="2022-06-09T12:34:59Z" finished-at="2022-06-09T12:35:00Z">
    <groups>
    </groups>
    <test name="Default test" duration-ms="315" started-at="2022-06-09T12:34:59Z" finished-at="2022-06-09T12:35:00Z">
      <class name="com.testvagrant.main.RCBteam">
        <test-method status="PASS" signature="validateRcbTeam()[pri:0, instance:com.testvagrant.main.RCBteam@c038203]" name="validateRcbTeam" duration-ms="277" started-at="2022-06-09T12:34:59Z" finished-at="2022-06-09T12:35:00Z">
          <reporter-output>
          </reporter-output>
        </test-method> <!-- validateRcbTeam -->
      </class> <!-- com.testvagrant.main.RCBteam -->
    </test> <!-- Default test -->
  </suite> <!-- Default suite -->
</testng-results>
